{
"/Users/matthewmeister/betamore_bewd_f2015/nba-vis/index.js":{"path":"/Users/matthewmeister/betamore_bewd_f2015/nba-vis/index.js","s":{"1":1,"2":1,"3":1,"4":1,"5":1,"6":1,"7":1,"8":1,"9":1,"10":1,"11":1,"12":1,"13":1,"14":1,"15":1,"16":1,"17":1,"18":1,"19":1,"20":1,"21":1},"b":{"1":[1,1],"2":[1,0],"3":[1,0]},"f":{"1":1},"fnMap":{"1":{"name":"(anonymous_1)","line":54,"loc":{"start":{"line":54,"column":60},"end":{"line":54,"column":71}}}},"statementMap":{"1":{"start":{"line":1,"column":0},"end":{"line":1,"column":33}},"2":{"start":{"line":2,"column":0},"end":{"line":2,"column":34}},"3":{"start":{"line":4,"column":0},"end":{"line":5,"column":51}},"4":{"start":{"line":6,"column":0},"end":{"line":6,"column":58}},"5":{"start":{"line":8,"column":0},"end":{"line":8,"column":42}},"6":{"start":{"line":10,"column":0},"end":{"line":10,"column":40}},"7":{"start":{"line":11,"column":0},"end":{"line":11,"column":27}},"8":{"start":{"line":12,"column":0},"end":{"line":12,"column":52}},"9":{"start":{"line":14,"column":0},"end":{"line":14,"column":44}},"10":{"start":{"line":15,"column":0},"end":{"line":15,"column":41}},"11":{"start":{"line":17,"column":0},"end":{"line":17,"column":24}},"12":{"start":{"line":21,"column":0},"end":{"line":21,"column":34}},"13":{"start":{"line":23,"column":0},"end":{"line":23,"column":31}},"14":{"start":{"line":46,"column":0},"end":{"line":46,"column":29}},"15":{"start":{"line":49,"column":0},"end":{"line":51,"column":1}},"16":{"start":{"line":50,"column":2},"end":{"line":50,"column":27}},"17":{"start":{"line":53,"column":0},"end":{"line":60,"column":1}},"18":{"start":{"line":54,"column":2},"end":{"line":59,"column":5}},"19":{"start":{"line":55,"column":4},"end":{"line":55,"column":40}},"20":{"start":{"line":56,"column":4},"end":{"line":56,"column":37}},"21":{"start":{"line":58,"column":4},"end":{"line":58,"column":69}}},"branchMap":{"1":{"line":8,"type":"binary-expr","locations":[{"start":{"line":8,"column":16},"end":{"line":8,"column":32}},{"start":{"line":8,"column":36},"end":{"line":8,"column":40}}]},"2":{"line":49,"type":"if","locations":[{"start":{"line":49,"column":0},"end":{"line":49,"column":0}},{"start":{"line":49,"column":0},"end":{"line":49,"column":0}}]},"3":{"line":53,"type":"if","locations":[{"start":{"line":53,"column":0},"end":{"line":53,"column":0}},{"start":{"line":53,"column":0},"end":{"line":53,"column":0}}]}},"l":{"1":1,"2":1,"4":1,"6":1,"8":1,"10":1,"11":1,"12":1,"14":1,"15":1,"17":1,"21":1,"23":1,"46":1,"49":1,"50":1,"53":1,"54":1,"55":1,"56":1,"58":1}},
"/Users/matthewmeister/betamore_bewd_f2015/nba-vis/routes.js":{"path":"/Users/matthewmeister/betamore_bewd_f2015/nba-vis/routes.js","s":{"1":1,"2":1,"3":1,"4":1,"5":1,"6":1,"7":2,"8":1,"9":1,"10":1,"11":0,"12":0,"13":1,"14":0,"15":1},"b":{},"f":{"1":2,"2":0,"3":0},"fnMap":{"1":{"name":"(anonymous_1)","line":9,"loc":{"start":{"line":9,"column":13},"end":{"line":9,"column":32}}},"2":{"name":"(anonymous_2)","line":17,"loc":{"start":{"line":17,"column":27},"end":{"line":17,"column":46}}},"3":{"name":"(anonymous_3)","line":22,"loc":{"start":{"line":22,"column":14},"end":{"line":22,"column":33}}}},"statementMap":{"1":{"start":{"line":2,"column":0},"end":{"line":2,"column":33}},"2":{"start":{"line":3,"column":0},"end":{"line":3,"column":27}},"3":{"start":{"line":5,"column":0},"end":{"line":5,"column":36}},"4":{"start":{"line":6,"column":0},"end":{"line":6,"column":31}},"5":{"start":{"line":7,"column":0},"end":{"line":7,"column":42}},"6":{"start":{"line":9,"column":0},"end":{"line":11,"column":3}},"7":{"start":{"line":10,"column":2},"end":{"line":10,"column":22}},"8":{"start":{"line":13,"column":0},"end":{"line":13,"column":43}},"9":{"start":{"line":14,"column":0},"end":{"line":14,"column":53}},"10":{"start":{"line":17,"column":0},"end":{"line":20,"column":3}},"11":{"start":{"line":18,"column":2},"end":{"line":18,"column":52}},"12":{"start":{"line":19,"column":2},"end":{"line":19,"column":44}},"13":{"start":{"line":22,"column":0},"end":{"line":24,"column":3}},"14":{"start":{"line":23,"column":2},"end":{"line":23,"column":22}},"15":{"start":{"line":26,"column":0},"end":{"line":26,"column":21}}},"branchMap":{},"l":{"2":1,"3":1,"5":1,"6":1,"7":1,"9":1,"10":2,"13":1,"14":1,"17":1,"18":0,"19":0,"22":1,"23":0,"26":1}},
"/Users/matthewmeister/betamore_bewd_f2015/nba-vis/routes/date.js":{"path":"/Users/matthewmeister/betamore_bewd_f2015/nba-vis/routes/date.js","s":{"1":1,"2":1,"3":1,"4":1,"5":1,"6":1,"7":1,"8":1,"9":0,"10":0,"11":1,"12":1,"13":1,"14":1,"15":1,"16":1,"17":2,"18":2,"19":2,"20":2,"21":1,"22":3,"23":3,"24":3,"25":3,"26":3,"27":3,"28":3,"29":3,"30":3,"31":3,"32":3,"33":3,"34":2,"35":2,"36":0,"37":2,"38":1,"39":1,"40":0,"41":1,"42":1},"b":{"1":[2,1]},"f":{"1":0,"2":1,"3":2,"4":3,"5":2,"6":0,"7":2,"8":1,"9":0,"10":1},"fnMap":{"1":{"name":"checkFormat","line":15,"loc":{"start":{"line":15,"column":20},"end":{"line":15,"column":64}}},"2":{"name":"(anonymous_2)","line":20,"loc":{"start":{"line":20,"column":13},"end":{"line":20,"column":32}}},"3":{"name":"(anonymous_3)","line":28,"loc":{"start":{"line":28,"column":27},"end":{"line":28,"column":46}}},"4":{"name":"getDateResponse","line":36,"loc":{"start":{"line":36,"column":0},"end":{"line":36,"column":76}}},"5":{"name":"(anonymous_5)","line":60,"loc":{"start":{"line":60,"column":10},"end":{"line":60,"column":29}}},"6":{"name":"(anonymous_6)","line":63,"loc":{"start":{"line":63,"column":14},"end":{"line":63,"column":25}}},"7":{"name":"(anonymous_7)","line":66,"loc":{"start":{"line":66,"column":14},"end":{"line":66,"column":25}}},"8":{"name":"(anonymous_8)","line":71,"loc":{"start":{"line":71,"column":11},"end":{"line":71,"column":25}}},"9":{"name":"(anonymous_9)","line":74,"loc":{"start":{"line":74,"column":14},"end":{"line":74,"column":25}}},"10":{"name":"(anonymous_10)","line":77,"loc":{"start":{"line":77,"column":14},"end":{"line":77,"column":25}}}},"statementMap":{"1":{"start":{"line":2,"column":0},"end":{"line":2,"column":33}},"2":{"start":{"line":3,"column":0},"end":{"line":3,"column":27}},"3":{"start":{"line":5,"column":0},"end":{"line":5,"column":36}},"4":{"start":{"line":6,"column":0},"end":{"line":6,"column":40}},"5":{"start":{"line":7,"column":0},"end":{"line":7,"column":42}},"6":{"start":{"line":8,"column":0},"end":{"line":8,"column":96}},"7":{"start":{"line":10,"column":0},"end":{"line":13,"column":2}},"8":{"start":{"line":15,"column":0},"end":{"line":18,"column":3}},"9":{"start":{"line":16,"column":2},"end":{"line":16,"column":38}},"10":{"start":{"line":17,"column":2},"end":{"line":17,"column":9}},"11":{"start":{"line":20,"column":0},"end":{"line":26,"column":3}},"12":{"start":{"line":21,"column":2},"end":{"line":21,"column":51}},"13":{"start":{"line":22,"column":2},"end":{"line":22,"column":46}},"14":{"start":{"line":23,"column":2},"end":{"line":23,"column":41}},"15":{"start":{"line":24,"column":2},"end":{"line":24,"column":60}},"16":{"start":{"line":28,"column":0},"end":{"line":34,"column":3}},"17":{"start":{"line":29,"column":2},"end":{"line":29,"column":65}},"18":{"start":{"line":30,"column":2},"end":{"line":30,"column":82}},"19":{"start":{"line":31,"column":2},"end":{"line":31,"column":77}},"20":{"start":{"line":32,"column":2},"end":{"line":32,"column":61}},"21":{"start":{"line":36,"column":0},"end":{"line":82,"column":1}},"22":{"start":{"line":37,"column":2},"end":{"line":37,"column":50}},"23":{"start":{"line":38,"column":2},"end":{"line":38,"column":46}},"24":{"start":{"line":39,"column":2},"end":{"line":39,"column":42}},"25":{"start":{"line":40,"column":2},"end":{"line":40,"column":60}},"26":{"start":{"line":41,"column":2},"end":{"line":41,"column":62}},"27":{"start":{"line":42,"column":2},"end":{"line":42,"column":94}},"28":{"start":{"line":44,"column":2},"end":{"line":44,"column":44}},"29":{"start":{"line":45,"column":2},"end":{"line":45,"column":53}},"30":{"start":{"line":46,"column":2},"end":{"line":46,"column":44}},"31":{"start":{"line":47,"column":2},"end":{"line":47,"column":53}},"32":{"start":{"line":49,"column":2},"end":{"line":57,"column":4}},"33":{"start":{"line":59,"column":2},"end":{"line":81,"column":7}},"34":{"start":{"line":61,"column":6},"end":{"line":61,"column":49}},"35":{"start":{"line":62,"column":6},"end":{"line":69,"column":9}},"36":{"start":{"line":64,"column":10},"end":{"line":64,"column":42}},"37":{"start":{"line":67,"column":10},"end":{"line":67,"column":28}},"38":{"start":{"line":72,"column":6},"end":{"line":72,"column":97}},"39":{"start":{"line":73,"column":6},"end":{"line":80,"column":9}},"40":{"start":{"line":75,"column":10},"end":{"line":75,"column":42}},"41":{"start":{"line":78,"column":10},"end":{"line":78,"column":28}},"42":{"start":{"line":85,"column":0},"end":{"line":85,"column":21}}},"branchMap":{"1":{"line":39,"type":"cond-expr","locations":[{"start":{"line":39,"column":26},"end":{"line":39,"column":30}},{"start":{"line":39,"column":33},"end":{"line":39,"column":41}}]}},"l":{"2":1,"3":1,"5":1,"6":1,"7":1,"8":1,"10":1,"15":1,"16":0,"17":0,"20":1,"21":1,"22":1,"23":1,"24":1,"28":1,"29":2,"30":2,"31":2,"32":2,"36":1,"37":3,"38":3,"39":3,"40":3,"41":3,"42":3,"44":3,"45":3,"46":3,"47":3,"49":3,"59":3,"61":2,"62":2,"64":0,"67":2,"72":1,"73":1,"75":0,"78":1,"85":1}},
"/Users/matthewmeister/betamore_bewd_f2015/nba-vis/routes/scoreflow.js":{"path":"/Users/matthewmeister/betamore_bewd_f2015/nba-vis/routes/scoreflow.js","s":{"1":1,"2":1,"3":1,"4":1,"5":1,"6":1,"7":1,"8":1,"9":1,"10":1,"11":1,"12":1,"13":1,"14":0,"15":0,"16":1,"17":1,"18":1,"19":0,"20":0,"21":0,"22":0,"23":0,"24":0,"25":0,"26":1,"27":0,"28":0,"29":0,"30":0,"31":0,"32":1,"33":0,"34":0,"35":0,"36":0,"37":0,"38":0,"39":0,"40":1,"41":0,"42":0,"43":0,"44":0,"45":1,"46":0,"47":0,"48":0,"49":0,"50":0,"51":0,"52":0,"53":0,"54":0,"55":0,"56":0,"57":0,"58":0,"59":0,"60":0,"61":0,"62":0,"63":0,"64":0,"65":0,"66":0,"67":0,"68":0,"69":0,"70":0,"71":0,"72":0,"73":0,"74":0,"75":0,"76":0,"77":0,"78":0,"79":0,"80":0,"81":0,"82":0,"83":1},"b":{"1":[0,0],"2":[0,0]},"f":{"1":0,"2":1,"3":0,"4":0,"5":0,"6":0,"7":0,"8":0,"9":0,"10":0,"11":0,"12":0,"13":0,"14":0,"15":0,"16":0},"fnMap":{"1":{"name":"checkFormat","line":22,"loc":{"start":{"line":22,"column":20},"end":{"line":22,"column":64}}},"2":{"name":"(anonymous_2)","line":27,"loc":{"start":{"line":27,"column":13},"end":{"line":27,"column":32}}},"3":{"name":"(anonymous_3)","line":31,"loc":{"start":{"line":31,"column":28},"end":{"line":31,"column":47}}},"4":{"name":"(anonymous_4)","line":32,"loc":{"start":{"line":32,"column":53},"end":{"line":32,"column":76}}},"5":{"name":"(anonymous_5)","line":34,"loc":{"start":{"line":34,"column":48},"end":{"line":34,"column":75}}},"6":{"name":"(anonymous_6)","line":37,"loc":{"start":{"line":37,"column":12},"end":{"line":37,"column":41}}},"7":{"name":"(anonymous_7)","line":55,"loc":{"start":{"line":55,"column":9},"end":{"line":55,"column":23}}},"8":{"name":"getBoxScoreFromAPI","line":60,"loc":{"start":{"line":60,"column":0},"end":{"line":60,"column":37}}},"9":{"name":"(anonymous_9)","line":68,"loc":{"start":{"line":68,"column":10},"end":{"line":68,"column":29}}},"10":{"name":"(anonymous_10)","line":80,"loc":{"start":{"line":80,"column":11},"end":{"line":80,"column":25}}},"11":{"name":"getGameInfoHTML","line":86,"loc":{"start":{"line":86,"column":0},"end":{"line":86,"column":35}}},"12":{"name":"(anonymous_12)","line":92,"loc":{"start":{"line":92,"column":10},"end":{"line":92,"column":29}}},"13":{"name":"(anonymous_13)","line":97,"loc":{"start":{"line":97,"column":11},"end":{"line":97,"column":25}}},"14":{"name":"loadHTMLforParsing","line":103,"loc":{"start":{"line":103,"column":0},"end":{"line":103,"column":42}}},"15":{"name":"searchForScoreRows","line":114,"loc":{"start":{"line":114,"column":0},"end":{"line":114,"column":48}}},"16":{"name":"(anonymous_16)","line":129,"loc":{"start":{"line":129,"column":49},"end":{"line":129,"column":69}}}},"statementMap":{"1":{"start":{"line":2,"column":0},"end":{"line":2,"column":33}},"2":{"start":{"line":3,"column":0},"end":{"line":3,"column":27}},"3":{"start":{"line":5,"column":0},"end":{"line":5,"column":36}},"4":{"start":{"line":6,"column":0},"end":{"line":6,"column":33}},"5":{"start":{"line":7,"column":0},"end":{"line":7,"column":31}},"6":{"start":{"line":8,"column":0},"end":{"line":8,"column":35}},"7":{"start":{"line":10,"column":0},"end":{"line":10,"column":42}},"8":{"start":{"line":11,"column":0},"end":{"line":11,"column":43}},"9":{"start":{"line":12,"column":0},"end":{"line":12,"column":88}},"10":{"start":{"line":13,"column":0},"end":{"line":13,"column":46}},"11":{"start":{"line":15,"column":0},"end":{"line":15,"column":96}},"12":{"start":{"line":17,"column":0},"end":{"line":20,"column":2}},"13":{"start":{"line":22,"column":0},"end":{"line":25,"column":3}},"14":{"start":{"line":23,"column":2},"end":{"line":23,"column":38}},"15":{"start":{"line":24,"column":2},"end":{"line":24,"column":9}},"16":{"start":{"line":27,"column":0},"end":{"line":29,"column":3}},"17":{"start":{"line":28,"column":2},"end":{"line":28,"column":53}},"18":{"start":{"line":31,"column":0},"end":{"line":58,"column":3}},"19":{"start":{"line":32,"column":2},"end":{"line":57,"column":5}},"20":{"start":{"line":34,"column":4},"end":{"line":53,"column":7}},"21":{"start":{"line":36,"column":6},"end":{"line":36,"column":50}},"22":{"start":{"line":39,"column":6},"end":{"line":39,"column":65}},"23":{"start":{"line":40,"column":6},"end":{"line":40,"column":79}},"24":{"start":{"line":41,"column":6},"end":{"line":52,"column":9}},"25":{"start":{"line":56,"column":4},"end":{"line":56,"column":39}},"26":{"start":{"line":60,"column":0},"end":{"line":84,"column":1}},"27":{"start":{"line":64,"column":2},"end":{"line":64,"column":79}},"28":{"start":{"line":65,"column":2},"end":{"line":65,"column":51}},"29":{"start":{"line":67,"column":2},"end":{"line":83,"column":7}},"30":{"start":{"line":71,"column":6},"end":{"line":78,"column":8}},"31":{"start":{"line":82,"column":6},"end":{"line":82,"column":64}},"32":{"start":{"line":86,"column":0},"end":{"line":101,"column":1}},"33":{"start":{"line":89,"column":2},"end":{"line":89,"column":62}},"34":{"start":{"line":90,"column":2},"end":{"line":90,"column":45}},"35":{"start":{"line":91,"column":2},"end":{"line":100,"column":7}},"36":{"start":{"line":93,"column":6},"end":{"line":93,"column":55}},"37":{"start":{"line":95,"column":6},"end":{"line":95,"column":22}},"38":{"start":{"line":98,"column":6},"end":{"line":98,"column":64}},"39":{"start":{"line":99,"column":6},"end":{"line":99,"column":69}},"40":{"start":{"line":103,"column":0},"end":{"line":112,"column":1}},"41":{"start":{"line":107,"column":2},"end":{"line":107,"column":48}},"42":{"start":{"line":108,"column":2},"end":{"line":108,"column":55}},"43":{"start":{"line":109,"column":2},"end":{"line":109,"column":50}},"44":{"start":{"line":111,"column":2},"end":{"line":111,"column":18}},"45":{"start":{"line":114,"column":0},"end":{"line":186,"column":1}},"46":{"start":{"line":118,"column":2},"end":{"line":118,"column":48}},"47":{"start":{"line":119,"column":2},"end":{"line":119,"column":25}},"48":{"start":{"line":120,"column":2},"end":{"line":120,"column":19}},"49":{"start":{"line":121,"column":2},"end":{"line":121,"column":20}},"50":{"start":{"line":122,"column":2},"end":{"line":122,"column":20}},"51":{"start":{"line":123,"column":2},"end":{"line":123,"column":37}},"52":{"start":{"line":124,"column":2},"end":{"line":124,"column":31}},"53":{"start":{"line":125,"column":2},"end":{"line":125,"column":31}},"54":{"start":{"line":126,"column":2},"end":{"line":126,"column":18}},"55":{"start":{"line":127,"column":2},"end":{"line":127,"column":14}},"56":{"start":{"line":129,"column":2},"end":{"line":175,"column":5}},"57":{"start":{"line":130,"column":4},"end":{"line":130,"column":58}},"58":{"start":{"line":131,"column":4},"end":{"line":131,"column":64}},"59":{"start":{"line":132,"column":4},"end":{"line":132,"column":64}},"60":{"start":{"line":135,"column":4},"end":{"line":135,"column":57}},"61":{"start":{"line":136,"column":4},"end":{"line":136,"column":57}},"62":{"start":{"line":137,"column":4},"end":{"line":137,"column":59}},"63":{"start":{"line":139,"column":4},"end":{"line":139,"column":45}},"64":{"start":{"line":141,"column":4},"end":{"line":141,"column":46}},"65":{"start":{"line":142,"column":4},"end":{"line":142,"column":42}},"66":{"start":{"line":143,"column":4},"end":{"line":143,"column":42}},"67":{"start":{"line":144,"column":4},"end":{"line":144,"column":47}},"68":{"start":{"line":145,"column":4},"end":{"line":145,"column":21}},"69":{"start":{"line":147,"column":4},"end":{"line":153,"column":5}},"70":{"start":{"line":148,"column":6},"end":{"line":148,"column":32}},"71":{"start":{"line":149,"column":6},"end":{"line":149,"column":32}},"72":{"start":{"line":151,"column":6},"end":{"line":151,"column":32}},"73":{"start":{"line":152,"column":6},"end":{"line":152,"column":32}},"74":{"start":{"line":154,"column":4},"end":{"line":154,"column":41}},"75":{"start":{"line":156,"column":4},"end":{"line":169,"column":6}},"76":{"start":{"line":171,"column":4},"end":{"line":171,"column":38}},"77":{"start":{"line":172,"column":4},"end":{"line":172,"column":25}},"78":{"start":{"line":173,"column":4},"end":{"line":173,"column":30}},"79":{"start":{"line":174,"column":4},"end":{"line":174,"column":30}},"80":{"start":{"line":176,"column":2},"end":{"line":176,"column":60}},"81":{"start":{"line":178,"column":2},"end":{"line":183,"column":4}},"82":{"start":{"line":185,"column":2},"end":{"line":185,"column":19}},"83":{"start":{"line":188,"column":0},"end":{"line":188,"column":21}}},"branchMap":{"1":{"line":144,"type":"cond-expr","locations":[{"start":{"line":144,"column":32},"end":{"line":144,"column":39}},{"start":{"line":144,"column":43},"end":{"line":144,"column":46}}]},"2":{"line":147,"type":"if","locations":[{"start":{"line":147,"column":4},"end":{"line":147,"column":4}},{"start":{"line":147,"column":4},"end":{"line":147,"column":4}}]}},"l":{"2":1,"3":1,"5":1,"6":1,"7":1,"8":1,"10":1,"11":1,"12":1,"13":1,"15":1,"17":1,"22":1,"23":0,"24":0,"27":1,"28":1,"31":1,"32":0,"34":0,"36":0,"39":0,"40":0,"41":0,"56":0,"60":1,"64":0,"65":0,"67":0,"71":0,"82":0,"86":1,"89":0,"90":0,"91":0,"93":0,"95":0,"98":0,"99":0,"103":1,"107":0,"108":0,"109":0,"111":0,"114":1,"118":0,"119":0,"120":0,"121":0,"122":0,"123":0,"124":0,"125":0,"126":0,"127":0,"129":0,"130":0,"131":0,"132":0,"135":0,"136":0,"137":0,"139":0,"141":0,"142":0,"143":0,"144":0,"145":0,"147":0,"148":0,"149":0,"151":0,"152":0,"154":0,"156":0,"171":0,"172":0,"173":0,"174":0,"176":0,"178":0,"185":0,"188":1}}}
