TN:
SF:/Users/matthewmeister/betamore_bewd_f2015/nba-vis/index.js
FN:54,(anonymous_1)
FNF:1
FNH:1
FNDA:1,(anonymous_1)
DA:1,1
DA:2,1
DA:4,1
DA:6,1
DA:8,1
DA:10,1
DA:11,1
DA:12,1
DA:14,1
DA:15,1
DA:17,1
DA:21,1
DA:23,1
DA:46,1
DA:49,1
DA:50,1
DA:53,1
DA:54,1
DA:55,1
DA:56,1
DA:58,1
LF:21
LH:21
BRDA:8,1,0,1
BRDA:8,1,1,1
BRDA:49,2,0,1
BRDA:49,2,1,0
BRDA:53,3,0,1
BRDA:53,3,1,0
BRF:6
BRH:4
end_of_record
TN:
SF:/Users/matthewmeister/betamore_bewd_f2015/nba-vis/routes.js
FN:9,(anonymous_1)
FN:17,(anonymous_2)
FN:22,(anonymous_3)
FNF:3
FNH:1
FNDA:2,(anonymous_1)
FNDA:0,(anonymous_2)
FNDA:0,(anonymous_3)
DA:2,1
DA:3,1
DA:5,1
DA:6,1
DA:7,1
DA:9,1
DA:10,2
DA:13,1
DA:14,1
DA:17,1
DA:18,0
DA:19,0
DA:22,1
DA:23,0
DA:26,1
LF:15
LH:12
BRF:0
BRH:0
end_of_record
TN:
SF:/Users/matthewmeister/betamore_bewd_f2015/nba-vis/routes/date.js
FN:15,checkFormat
FN:20,(anonymous_2)
FN:28,(anonymous_3)
FN:36,getDateResponse
FN:60,(anonymous_5)
FN:63,(anonymous_6)
FN:66,(anonymous_7)
FN:71,(anonymous_8)
FN:74,(anonymous_9)
FN:77,(anonymous_10)
FNF:10
FNH:7
FNDA:0,checkFormat
FNDA:1,(anonymous_2)
FNDA:2,(anonymous_3)
FNDA:3,getDateResponse
FNDA:2,(anonymous_5)
FNDA:0,(anonymous_6)
FNDA:2,(anonymous_7)
FNDA:1,(anonymous_8)
FNDA:0,(anonymous_9)
FNDA:1,(anonymous_10)
DA:2,1
DA:3,1
DA:5,1
DA:6,1
DA:7,1
DA:8,1
DA:10,1
DA:15,1
DA:16,0
DA:17,0
DA:20,1
DA:21,1
DA:22,1
DA:23,1
DA:24,1
DA:28,1
DA:29,2
DA:30,2
DA:31,2
DA:32,2
DA:36,1
DA:37,3
DA:38,3
DA:39,3
DA:40,3
DA:41,3
DA:42,3
DA:44,3
DA:45,3
DA:46,3
DA:47,3
DA:49,3
DA:59,3
DA:61,2
DA:62,2
DA:64,0
DA:67,2
DA:72,1
DA:73,1
DA:75,0
DA:78,1
DA:85,1
LF:42
LH:38
BRDA:39,1,0,2
BRDA:39,1,1,1
BRF:2
BRH:2
end_of_record
TN:
SF:/Users/matthewmeister/betamore_bewd_f2015/nba-vis/routes/scoreflow.js
FN:22,checkFormat
FN:27,(anonymous_2)
FN:31,(anonymous_3)
FN:32,(anonymous_4)
FN:34,(anonymous_5)
FN:37,(anonymous_6)
FN:55,(anonymous_7)
FN:60,getBoxScoreFromAPI
FN:68,(anonymous_9)
FN:80,(anonymous_10)
FN:86,getGameInfoHTML
FN:92,(anonymous_12)
FN:97,(anonymous_13)
FN:103,loadHTMLforParsing
FN:114,searchForScoreRows
FN:129,(anonymous_16)
FNF:16
FNH:1
FNDA:0,checkFormat
FNDA:1,(anonymous_2)
FNDA:0,(anonymous_3)
FNDA:0,(anonymous_4)
FNDA:0,(anonymous_5)
FNDA:0,(anonymous_6)
FNDA:0,(anonymous_7)
FNDA:0,getBoxScoreFromAPI
FNDA:0,(anonymous_9)
FNDA:0,(anonymous_10)
FNDA:0,getGameInfoHTML
FNDA:0,(anonymous_12)
FNDA:0,(anonymous_13)
FNDA:0,loadHTMLforParsing
FNDA:0,searchForScoreRows
FNDA:0,(anonymous_16)
DA:2,1
DA:3,1
DA:5,1
DA:6,1
DA:7,1
DA:8,1
DA:10,1
DA:11,1
DA:12,1
DA:13,1
DA:15,1
DA:17,1
DA:22,1
DA:23,0
DA:24,0
DA:27,1
DA:28,1
DA:31,1
DA:32,0
DA:34,0
DA:36,0
DA:39,0
DA:40,0
DA:41,0
DA:56,0
DA:60,1
DA:64,0
DA:65,0
DA:67,0
DA:71,0
DA:82,0
DA:86,1
DA:89,0
DA:90,0
DA:91,0
DA:93,0
DA:95,0
DA:98,0
DA:99,0
DA:103,1
DA:107,0
DA:108,0
DA:109,0
DA:111,0
DA:114,1
DA:118,0
DA:119,0
DA:120,0
DA:121,0
DA:122,0
DA:123,0
DA:124,0
DA:125,0
DA:126,0
DA:127,0
DA:129,0
DA:130,0
DA:131,0
DA:132,0
DA:135,0
DA:136,0
DA:137,0
DA:139,0
DA:141,0
DA:142,0
DA:143,0
DA:144,0
DA:145,0
DA:147,0
DA:148,0
DA:149,0
DA:151,0
DA:152,0
DA:154,0
DA:156,0
DA:171,0
DA:172,0
DA:173,0
DA:174,0
DA:176,0
DA:178,0
DA:185,0
DA:188,1
LF:83
LH:21
BRDA:144,1,0,0
BRDA:144,1,1,0
BRDA:147,2,0,0
BRDA:147,2,1,0
BRF:4
BRH:0
end_of_record
